This file contains any messages produced by compilers while
running configure, to aid debugging if configure makes a mistake.

It was created by wavpack configure 5.1.0, which was
generated by GNU Autoconf 2.69.  Invocation command line was

  $ ./configure --prefix=/files/android-sdk/ndk-bundle/prebuilt/android-arm/wavpack --with-pic --with-sysroot=/files/android-sdk/ndk-bundle/toolchains/mobile-ffmpeg-arm/sysroot --without-iconv --enable-static --disable-shared --disable-apps --disable-fast-install --disable-tests --host=arm-linux-androideabi

## --------- ##
## Platform. ##
## --------- ##

hostname = lera
uname -m = x86_64
uname -r = 4.13.0-36-generic
uname -s = Linux
uname -v = #40~16.04.1-Ubuntu SMP Fri Feb 16 23:25:58 UTC 2018

/usr/bin/uname -p = unknown
/bin/uname -X     = unknown

/bin/arch              = unknown
/usr/bin/arch -k       = unknown
/usr/convex/getsysinfo = unknown
/usr/bin/hostinfo      = unknown
/bin/machine           = unknown
/usr/bin/oslevel       = unknown
/bin/universe          = unknown

PATH: /files/android-sdk/tools
PATH: /files/android-sdk/tools/bin
PATH: /files/android-sdk/platform-tools
PATH: /files/android-sdk/build-tools/23.0.1
PATH: /files/jdk1.8.0_162_amd64/bin
PATH: /files/gradle-4.4.1/bin
PATH: /files/apache-maven-3.5.2/bin
PATH: /files/bin
PATH: /files/genymotion/tools
PATH: /home/taner/bin
PATH: /home/taner/.local/bin
PATH: /usr/local/sbin
PATH: /usr/local/bin
PATH: /usr/sbin
PATH: /usr/bin
PATH: /sbin
PATH: /bin
PATH: /usr/games
PATH: /usr/local/games
PATH: /snap/bin
PATH: /files/android-sdk/ndk-bundle/toolchains/mobile-ffmpeg-arm/bin


## ----------- ##
## Core tests. ##
## ----------- ##

configure:2318: checking for a BSD-compatible install
configure:2386: result: /usr/bin/install -c
configure:2397: checking whether build environment is sane
configure:2452: result: yes
configure:2511: checking for arm-linux-androideabi-strip
configure:2538: result: arm-linux-androideabi-strip
configure:2603: checking for a thread-safe mkdir -p
configure:2642: result: /bin/mkdir -p
configure:2649: checking for gawk
configure:2665: found /usr/bin/gawk
configure:2676: result: gawk
configure:2687: checking whether make sets $(MAKE)
configure:2709: result: yes
configure:2738: checking whether make supports nested variables
configure:2755: result: yes
configure:2881: checking whether to enable maintainer-specific portions of Makefiles
configure:2890: result: no
configure:2956: checking build system type
configure:2970: result: x86_64-unknown-linux-gnu
configure:2990: checking host system type
configure:3003: result: arm-unknown-linux-androideabi
configure:3037: checking for style of include used by make
configure:3065: result: GNU
configure:3096: checking for arm-linux-androideabi-gcc
configure:3123: result: arm-linux-androideabi-gcc
configure:3392: checking for C compiler version
configure:3401: arm-linux-androideabi-gcc --version >&5
arm-linux-androideabi-gcc (GCC) 4.9.x 20150123 (prerelease)
Copyright (C) 2014 Free Software Foundation, Inc.
This is free software; see the source for copying conditions.  There is NO
warranty; not even for MERCHANTABILITY or FITNESS FOR A PARTICULAR PURPOSE.

configure:3412: $? = 0
configure:3401: arm-linux-androideabi-gcc -v >&5
Using built-in specs.
COLLECT_GCC=arm-linux-androideabi-gcc
COLLECT_LTO_WRAPPER=/storage/light/files/android-sdk/ndk-bundle/toolchains/mobile-ffmpeg-arm/bin/../libexec/gcc/arm-linux-androideabi/4.9.x/lto-wrapper
Target: arm-linux-androideabi
Configured with: /usr/local/google/buildbot/src/android/gcc/toolchain/build/../gcc/gcc-4.9/configure --prefix=/tmp/7b21daf2c1357ae66bd1633d4faf8a6d --target=arm-linux-androideabi --host=x86_64-linux-gnu --build=x86_64-linux-gnu --with-gnu-as --with-gnu-ld --enable-languages=c,c++ --with-gmp=/buildbot/tmp/build/toolchain/temp-install --with-mpfr=/buildbot/tmp/build/toolchain/temp-install --with-mpc=/buildbot/tmp/build/toolchain/temp-install --with-cloog=/buildbot/tmp/build/toolchain/temp-install --with-isl=/buildbot/tmp/build/toolchain/temp-install --with-ppl=/buildbot/tmp/build/toolchain/temp-install --disable-ppl-version-check --disable-cloog-version-check --disable-isl-version-check --enable-cloog-backend=isl --with-host-libstdcxx='-static-libgcc -Wl,-Bstatic,-lstdc++,-Bdynamic -lm' --disable-libssp --enable-threads --disable-nls --disable-libmudflap --disable-libgomp --disable-libstdc__-v3 --disable-sjlj-exceptions --disable-shared --disable-tls --disable-libitm --with-float=soft --with-fpu=vfp --with-arch=armv5te --enable-target-optspace --enable-bionic-libs --enable-libatomic-ifuncs=no --enable-initfini-array --disable-nls --prefix=/tmp/7b21daf2c1357ae66bd1633d4faf8a6d --with-sysroot=/tmp/7b21daf2c1357ae66bd1633d4faf8a6d/sysroot --with-binutils-version=2.27 --with-mpfr-version=3.1.1 --with-mpc-version=1.0.1 --with-gmp-version=5.0.5 --with-gcc-version=4.9 --with-gdb-version=none --with-gxx-include-dir=/tmp/7b21daf2c1357ae66bd1633d4faf8a6d/include/c++/4.9.x --with-bugurl=http://source.android.com/source/report-bugs.html --enable-languages=c,c++ --disable-bootstrap --enable-plugins --enable-libgomp --enable-gnu-indirect-function --disable-libsanitizer --enable-gold --enable-threads --enable-eh-frame-hdr-for-static --enable-graphite=yes --with-isl-version=0.11.1 --with-cloog-version=0.18.0 --with-arch=armv5te --program-transform-name='s&^&arm-linux-androideabi-&' --enable-gold=default
Thread model: posix
gcc version 4.9.x 20150123 (prerelease) (GCC) 
configure:3412: $? = 0
configure:3401: arm-linux-androideabi-gcc -V >&5
arm-linux-androideabi-gcc: error: unrecognized command line option '-V'
arm-linux-androideabi-gcc: fatal error: no input files
compilation terminated.
configure:3412: $? = 1
configure:3401: arm-linux-androideabi-gcc -qversion >&5
arm-linux-androideabi-gcc: error: unrecognized command line option '-qversion'
arm-linux-androideabi-gcc: fatal error: no input files
compilation terminated.
configure:3412: $? = 1
configure:3432: checking whether the C compiler works
configure:3454: arm-linux-androideabi-gcc -march=armv7-a -mfpu=neon -mfloat-abi=softfp -Wno-psabi -Wno-unused-but-set-variable -Wno-unused-function -Os -std=c99 -fstrict-aliasing -ffunction-sections -fdata-sections -fPIE -fPIC -DANDROID -D__ANDROID_API__=21 -I/files/android-sdk/ndk-bundle/toolchains/mobile-ffmpeg-arm/sysroot/usr/include -I/files/android-sdk/ndk-bundle/toolchains/mobile-ffmpeg-arm/sysroot/usr/local/include  -march=armv7-a -Wl,--fix-cortex-a8 -Wl,--gc-sections -lc -lm -ldl -llog -pie -pthread -L/files/android-sdk/ndk-bundle/toolchains/mobile-ffmpeg-arm/sysroot/usr/lib -L/files/android-sdk/ndk-bundle/toolchains/mobile-ffmpeg-arm/lib conftest.c  >&5
configure:3458: $? = 0
configure:3506: result: yes
configure:3509: checking for C compiler default output file name
configure:3511: result: a.out
configure:3517: checking for suffix of executables
configure:3524: arm-linux-androideabi-gcc -o conftest -march=armv7-a -mfpu=neon -mfloat-abi=softfp -Wno-psabi -Wno-unused-but-set-variable -Wno-unused-function -Os -std=c99 -fstrict-aliasing -ffunction-sections -fdata-sections -fPIE -fPIC -DANDROID -D__ANDROID_API__=21 -I/files/android-sdk/ndk-bundle/toolchains/mobile-ffmpeg-arm/sysroot/usr/include -I/files/android-sdk/ndk-bundle/toolchains/mobile-ffmpeg-arm/sysroot/usr/local/include  -march=armv7-a -Wl,--fix-cortex-a8 -Wl,--gc-sections -lc -lm -ldl -llog -pie -pthread -L/files/android-sdk/ndk-bundle/toolchains/mobile-ffmpeg-arm/sysroot/usr/lib -L/files/android-sdk/ndk-bundle/toolchains/mobile-ffmpeg-arm/lib conftest.c  >&5
configure:3528: $? = 0
configure:3550: result: 
configure:3572: checking whether we are cross compiling
configure:3580: arm-linux-androideabi-gcc -o conftest -march=armv7-a -mfpu=neon -mfloat-abi=softfp -Wno-psabi -Wno-unused-but-set-variable -Wno-unused-function -Os -std=c99 -fstrict-aliasing -ffunction-sections -fdata-sections -fPIE -fPIC -DANDROID -D__ANDROID_API__=21 -I/files/android-sdk/ndk-bundle/toolchains/mobile-ffmpeg-arm/sysroot/usr/include -I/files/android-sdk/ndk-bundle/toolchains/mobile-ffmpeg-arm/sysroot/usr/local/include  -march=armv7-a -Wl,--fix-cortex-a8 -Wl,--gc-sections -lc -lm -ldl -llog -pie -pthread -L/files/android-sdk/ndk-bundle/toolchains/mobile-ffmpeg-arm/sysroot/usr/lib -L/files/android-sdk/ndk-bundle/toolchains/mobile-ffmpeg-arm/lib conftest.c  >&5
configure:3584: $? = 0
configure:3591: ./conftest
./configure: line 3593: ./conftest: cannot execute binary file: Exec format error
configure:3595: $? = 126
configure:3610: result: yes
configure:3615: checking for suffix of object files
configure:3637: arm-linux-androideabi-gcc -c -march=armv7-a -mfpu=neon -mfloat-abi=softfp -Wno-psabi -Wno-unused-but-set-variable -Wno-unused-function -Os -std=c99 -fstrict-aliasing -ffunction-sections -fdata-sections -fPIE -fPIC -DANDROID -D__ANDROID_API__=21 -I/files/android-sdk/ndk-bundle/toolchains/mobile-ffmpeg-arm/sysroot/usr/include -I/files/android-sdk/ndk-bundle/toolchains/mobile-ffmpeg-arm/sysroot/usr/local/include  conftest.c >&5
configure:3641: $? = 0
configure:3662: result: o
configure:3666: checking whether we are using the GNU C compiler
configure:3685: arm-linux-androideabi-gcc -c -march=armv7-a -mfpu=neon -mfloat-abi=softfp -Wno-psabi -Wno-unused-but-set-variable -Wno-unused-function -Os -std=c99 -fstrict-aliasing -ffunction-sections -fdata-sections -fPIE -fPIC -DANDROID -D__ANDROID_API__=21 -I/files/android-sdk/ndk-bundle/toolchains/mobile-ffmpeg-arm/sysroot/usr/include -I/files/android-sdk/ndk-bundle/toolchains/mobile-ffmpeg-arm/sysroot/usr/local/include  conftest.c >&5
configure:3685: $? = 0
configure:3694: result: yes
configure:3703: checking whether arm-linux-androideabi-gcc accepts -g
configure:3723: arm-linux-androideabi-gcc -c -g  conftest.c >&5
configure:3723: $? = 0
configure:3764: result: yes
configure:3781: checking for arm-linux-androideabi-gcc option to accept ISO C89
configure:3844: arm-linux-androideabi-gcc  -c -march=armv7-a -mfpu=neon -mfloat-abi=softfp -Wno-psabi -Wno-unused-but-set-variable -Wno-unused-function -Os -std=c99 -fstrict-aliasing -ffunction-sections -fdata-sections -fPIE -fPIC -DANDROID -D__ANDROID_API__=21 -I/files/android-sdk/ndk-bundle/toolchains/mobile-ffmpeg-arm/sysroot/usr/include -I/files/android-sdk/ndk-bundle/toolchains/mobile-ffmpeg-arm/sysroot/usr/local/include  conftest.c >&5
configure:3844: $? = 0
configure:3857: result: none needed
configure:3882: checking whether arm-linux-androideabi-gcc understands -c and -o together
configure:3904: arm-linux-androideabi-gcc -c conftest.c -o conftest2.o
configure:3907: $? = 0
configure:3904: arm-linux-androideabi-gcc -c conftest.c -o conftest2.o
configure:3907: $? = 0
configure:3919: result: yes
configure:3938: checking dependency style of arm-linux-androideabi-gcc
configure:4049: result: gcc3
configure:4070: checking how to run the C preprocessor
configure:4101: arm-linux-androideabi-gcc -E  conftest.c
configure:4101: $? = 0
configure:4115: arm-linux-androideabi-gcc -E  conftest.c
conftest.c:16:28: fatal error: ac_nonexistent.h: No such file or directory
 #include <ac_nonexistent.h>
                            ^
compilation terminated.
configure:4115: $? = 1
configure: failed program was:
| /* confdefs.h */
| #define PACKAGE_NAME "wavpack"
| #define PACKAGE_TARNAME "wavpack"
| #define PACKAGE_VERSION "5.1.0"
| #define PACKAGE_STRING "wavpack 5.1.0"
| #define PACKAGE_BUGREPORT "bryant@wavpack.com"
| #define PACKAGE_URL ""
| #define PACKAGE "wavpack"
| #define VERSION "5.1.0"
| #define LIBWAVPACK_MAJOR 5
| #define LIBWAVPACK_MINOR 1
| #define LIBWAVPACK_MICRO 0
| #define LIBWAVPACK_VERSION_STRING "5.1.0"
| #define VERSION_OS "Linux"
| /* end confdefs.h.  */
| #include <ac_nonexistent.h>
configure:4140: result: arm-linux-androideabi-gcc -E
configure:4160: arm-linux-androideabi-gcc -E  conftest.c
configure:4160: $? = 0
configure:4174: arm-linux-androideabi-gcc -E  conftest.c
conftest.c:16:28: fatal error: ac_nonexistent.h: No such file or directory
 #include <ac_nonexistent.h>
                            ^
compilation terminated.
configure:4174: $? = 1
configure: failed program was:
| /* confdefs.h */
| #define PACKAGE_NAME "wavpack"
| #define PACKAGE_TARNAME "wavpack"
| #define PACKAGE_VERSION "5.1.0"
| #define PACKAGE_STRING "wavpack 5.1.0"
| #define PACKAGE_BUGREPORT "bryant@wavpack.com"
| #define PACKAGE_URL ""
| #define PACKAGE "wavpack"
| #define VERSION "5.1.0"
| #define LIBWAVPACK_MAJOR 5
| #define LIBWAVPACK_MINOR 1
| #define LIBWAVPACK_MICRO 0
| #define LIBWAVPACK_VERSION_STRING "5.1.0"
| #define VERSION_OS "Linux"
| /* end confdefs.h.  */
| #include <ac_nonexistent.h>
configure:4203: checking for grep that handles long lines and -e
configure:4261: result: /bin/grep
configure:4266: checking for egrep
configure:4328: result: /bin/grep -E
configure:4333: checking for ANSI C header files
configure:4353: arm-linux-androideabi-gcc -c -march=armv7-a -mfpu=neon -mfloat-abi=softfp -Wno-psabi -Wno-unused-but-set-variable -Wno-unused-function -Os -std=c99 -fstrict-aliasing -ffunction-sections -fdata-sections -fPIE -fPIC -DANDROID -D__ANDROID_API__=21 -I/files/android-sdk/ndk-bundle/toolchains/mobile-ffmpeg-arm/sysroot/usr/include -I/files/android-sdk/ndk-bundle/toolchains/mobile-ffmpeg-arm/sysroot/usr/local/include  conftest.c >&5
configure:4353: $? = 0
configure:4437: result: yes
configure:4450: checking for sys/types.h
configure:4450: arm-linux-androideabi-gcc -c -march=armv7-a -mfpu=neon -mfloat-abi=softfp -Wno-psabi -Wno-unused-but-set-variable -Wno-unused-function -Os -std=c99 -fstrict-aliasing -ffunction-sections -fdata-sections -fPIE -fPIC -DANDROID -D__ANDROID_API__=21 -I/files/android-sdk/ndk-bundle/toolchains/mobile-ffmpeg-arm/sysroot/usr/include -I/files/android-sdk/ndk-bundle/toolchains/mobile-ffmpeg-arm/sysroot/usr/local/include  conftest.c >&5
configure:4450: $? = 0
configure:4450: result: yes
configure:4450: checking for sys/stat.h
configure:4450: arm-linux-androideabi-gcc -c -march=armv7-a -mfpu=neon -mfloat-abi=softfp -Wno-psabi -Wno-unused-but-set-variable -Wno-unused-function -Os -std=c99 -fstrict-aliasing -ffunction-sections -fdata-sections -fPIE -fPIC -DANDROID -D__ANDROID_API__=21 -I/files/android-sdk/ndk-bundle/toolchains/mobile-ffmpeg-arm/sysroot/usr/include -I/files/android-sdk/ndk-bundle/toolchains/mobile-ffmpeg-arm/sysroot/usr/local/include  conftest.c >&5
configure:4450: $? = 0
configure:4450: result: yes
configure:4450: checking for stdlib.h
configure:4450: arm-linux-androideabi-gcc -c -march=armv7-a -mfpu=neon -mfloat-abi=softfp -Wno-psabi -Wno-unused-but-set-variable -Wno-unused-function -Os -std=c99 -fstrict-aliasing -ffunction-sections -fdata-sections -fPIE -fPIC -DANDROID -D__ANDROID_API__=21 -I/files/android-sdk/ndk-bundle/toolchains/mobile-ffmpeg-arm/sysroot/usr/include -I/files/android-sdk/ndk-bundle/toolchains/mobile-ffmpeg-arm/sysroot/usr/local/include  conftest.c >&5
configure:4450: $? = 0
configure:4450: result: yes
configure:4450: checking for string.h
configure:4450: arm-linux-androideabi-gcc -c -march=armv7-a -mfpu=neon -mfloat-abi=softfp -Wno-psabi -Wno-unused-but-set-variable -Wno-unused-function -Os -std=c99 -fstrict-aliasing -ffunction-sections -fdata-sections -fPIE -fPIC -DANDROID -D__ANDROID_API__=21 -I/files/android-sdk/ndk-bundle/toolchains/mobile-ffmpeg-arm/sysroot/usr/include -I/files/android-sdk/ndk-bundle/toolchains/mobile-ffmpeg-arm/sysroot/usr/local/include  conftest.c >&5
configure:4450: $? = 0
configure:4450: result: yes
configure:4450: checking for memory.h
configure:4450: arm-linux-androideabi-gcc -c -march=armv7-a -mfpu=neon -mfloat-abi=softfp -Wno-psabi -Wno-unused-but-set-variable -Wno-unused-function -Os -std=c99 -fstrict-aliasing -ffunction-sections -fdata-sections -fPIE -fPIC -DANDROID -D__ANDROID_API__=21 -I/files/android-sdk/ndk-bundle/toolchains/mobile-ffmpeg-arm/sysroot/usr/include -I/files/android-sdk/ndk-bundle/toolchains/mobile-ffmpeg-arm/sysroot/usr/local/include  conftest.c >&5
configure:4450: $? = 0
configure:4450: result: yes
configure:4450: checking for strings.h
configure:4450: arm-linux-androideabi-gcc -c -march=armv7-a -mfpu=neon -mfloat-abi=softfp -Wno-psabi -Wno-unused-but-set-variable -Wno-unused-function -Os -std=c99 -fstrict-aliasing -ffunction-sections -fdata-sections -fPIE -fPIC -DANDROID -D__ANDROID_API__=21 -I/files/android-sdk/ndk-bundle/toolchains/mobile-ffmpeg-arm/sysroot/usr/include -I/files/android-sdk/ndk-bundle/toolchains/mobile-ffmpeg-arm/sysroot/usr/local/include  conftest.c >&5
configure:4450: $? = 0
configure:4450: result: yes
configure:4450: checking for inttypes.h
configure:4450: arm-linux-androideabi-gcc -c -march=armv7-a -mfpu=neon -mfloat-abi=softfp -Wno-psabi -Wno-unused-but-set-variable -Wno-unused-function -Os -std=c99 -fstrict-aliasing -ffunction-sections -fdata-sections -fPIE -fPIC -DANDROID -D__ANDROID_API__=21 -I/files/android-sdk/ndk-bundle/toolchains/mobile-ffmpeg-arm/sysroot/usr/include -I/files/android-sdk/ndk-bundle/toolchains/mobile-ffmpeg-arm/sysroot/usr/local/include  conftest.c >&5
configure:4450: $? = 0
configure:4450: result: yes
configure:4450: checking for stdint.h
configure:4450: arm-linux-androideabi-gcc -c -march=armv7-a -mfpu=neon -mfloat-abi=softfp -Wno-psabi -Wno-unused-but-set-variable -Wno-unused-function -Os -std=c99 -fstrict-aliasing -ffunction-sections -fdata-sections -fPIE -fPIC -DANDROID -D__ANDROID_API__=21 -I/files/android-sdk/ndk-bundle/toolchains/mobile-ffmpeg-arm/sysroot/usr/include -I/files/android-sdk/ndk-bundle/toolchains/mobile-ffmpeg-arm/sysroot/usr/local/include  conftest.c >&5
configure:4450: $? = 0
configure:4450: result: yes
configure:4450: checking for unistd.h
configure:4450: arm-linux-androideabi-gcc -c -march=armv7-a -mfpu=neon -mfloat-abi=softfp -Wno-psabi -Wno-unused-but-set-variable -Wno-unused-function -Os -std=c99 -fstrict-aliasing -ffunction-sections -fdata-sections -fPIE -fPIC -DANDROID -D__ANDROID_API__=21 -I/files/android-sdk/ndk-bundle/toolchains/mobile-ffmpeg-arm/sysroot/usr/include -I/files/android-sdk/ndk-bundle/toolchains/mobile-ffmpeg-arm/sysroot/usr/local/include  conftest.c >&5
configure:4450: $? = 0
configure:4450: result: yes
configure:4462: checking whether byte ordering is bigendian
configure:4477: arm-linux-androideabi-gcc -c -march=armv7-a -mfpu=neon -mfloat-abi=softfp -Wno-psabi -Wno-unused-but-set-variable -Wno-unused-function -Os -std=c99 -fstrict-aliasing -ffunction-sections -fdata-sections -fPIE -fPIC -DANDROID -D__ANDROID_API__=21 -I/files/android-sdk/ndk-bundle/toolchains/mobile-ffmpeg-arm/sysroot/usr/include -I/files/android-sdk/ndk-bundle/toolchains/mobile-ffmpeg-arm/sysroot/usr/local/include  conftest.c >&5
conftest.c:27:9: error: unknown type name 'not'
         not a universal capable compiler
         ^
conftest.c:27:15: error: expected '=', ',', ';', 'asm' or '__attribute__' before 'universal'
         not a universal capable compiler
               ^
conftest.c:27:15: error: unknown type name 'universal'
configure:4477: $? = 1
configure: failed program was:
| /* confdefs.h */
| #define PACKAGE_NAME "wavpack"
| #define PACKAGE_TARNAME "wavpack"
| #define PACKAGE_VERSION "5.1.0"
| #define PACKAGE_STRING "wavpack 5.1.0"
| #define PACKAGE_BUGREPORT "bryant@wavpack.com"
| #define PACKAGE_URL ""
| #define PACKAGE "wavpack"
| #define VERSION "5.1.0"
| #define LIBWAVPACK_MAJOR 5
| #define LIBWAVPACK_MINOR 1
| #define LIBWAVPACK_MICRO 0
| #define LIBWAVPACK_VERSION_STRING "5.1.0"
| #define VERSION_OS "Linux"
| #define STDC_HEADERS 1
| #define HAVE_SYS_TYPES_H 1
| #define HAVE_SYS_STAT_H 1
| #define HAVE_STDLIB_H 1
| #define HAVE_STRING_H 1
| #define HAVE_MEMORY_H 1
| #define HAVE_STRINGS_H 1
| #define HAVE_INTTYPES_H 1
| #define HAVE_STDINT_H 1
| #define HAVE_UNISTD_H 1
| /* end confdefs.h.  */
| #ifndef __APPLE_CC__
| 	       not a universal capable compiler
| 	     #endif
| 	     typedef int dummy;
| 
configure:4522: arm-linux-androideabi-gcc -c -march=armv7-a -mfpu=neon -mfloat-abi=softfp -Wno-psabi -Wno-unused-but-set-variable -Wno-unused-function -Os -std=c99 -fstrict-aliasing -ffunction-sections -fdata-sections -fPIE -fPIC -DANDROID -D__ANDROID_API__=21 -I/files/android-sdk/ndk-bundle/toolchains/mobile-ffmpeg-arm/sysroot/usr/include -I/files/android-sdk/ndk-bundle/toolchains/mobile-ffmpeg-arm/sysroot/usr/local/include  conftest.c >&5
conftest.c: In function 'main':
conftest.c:33:8: error: unknown type name 'bogus'
        bogus endian macros
        ^
conftest.c:33:21: error: expected '=', ',', ';', 'asm' or '__attribute__' before 'macros'
        bogus endian macros
                     ^
configure:4522: $? = 1
configure: failed program was:
| /* confdefs.h */
| #define PACKAGE_NAME "wavpack"
| #define PACKAGE_TARNAME "wavpack"
| #define PACKAGE_VERSION "5.1.0"
| #define PACKAGE_STRING "wavpack 5.1.0"
| #define PACKAGE_BUGREPORT "bryant@wavpack.com"
| #define PACKAGE_URL ""
| #define PACKAGE "wavpack"
| #define VERSION "5.1.0"
| #define LIBWAVPACK_MAJOR 5
| #define LIBWAVPACK_MINOR 1
| #define LIBWAVPACK_MICRO 0
| #define LIBWAVPACK_VERSION_STRING "5.1.0"
| #define VERSION_OS "Linux"
| #define STDC_HEADERS 1
| #define HAVE_SYS_TYPES_H 1
| #define HAVE_SYS_STAT_H 1
| #define HAVE_STDLIB_H 1
| #define HAVE_STRING_H 1
| #define HAVE_MEMORY_H 1
| #define HAVE_STRINGS_H 1
| #define HAVE_INTTYPES_H 1
| #define HAVE_STDINT_H 1
| #define HAVE_UNISTD_H 1
| /* end confdefs.h.  */
| #include <sys/types.h>
| 	     #include <sys/param.h>
| 
| int
| main ()
| {
| #if ! (defined BYTE_ORDER && defined BIG_ENDIAN 		     && defined LITTLE_ENDIAN && BYTE_ORDER && BIG_ENDIAN 		     && LITTLE_ENDIAN)
| 	      bogus endian macros
| 	     #endif
| 
|   ;
|   return 0;
| }
configure:4566: arm-linux-androideabi-gcc -c -march=armv7-a -mfpu=neon -mfloat-abi=softfp -Wno-psabi -Wno-unused-but-set-variable -Wno-unused-function -Os -std=c99 -fstrict-aliasing -ffunction-sections -fdata-sections -fPIE -fPIC -DANDROID -D__ANDROID_API__=21 -I/files/android-sdk/ndk-bundle/toolchains/mobile-ffmpeg-arm/sysroot/usr/include -I/files/android-sdk/ndk-bundle/toolchains/mobile-ffmpeg-arm/sysroot/usr/local/include  conftest.c >&5
conftest.c: In function 'main':
conftest.c:32:8: error: unknown type name 'bogus'
        bogus endian macros
        ^
conftest.c:32:21: error: expected '=', ',', ';', 'asm' or '__attribute__' before 'macros'
        bogus endian macros
                     ^
configure:4566: $? = 1
configure: failed program was:
| /* confdefs.h */
| #define PACKAGE_NAME "wavpack"
| #define PACKAGE_TARNAME "wavpack"
| #define PACKAGE_VERSION "5.1.0"
| #define PACKAGE_STRING "wavpack 5.1.0"
| #define PACKAGE_BUGREPORT "bryant@wavpack.com"
| #define PACKAGE_URL ""
| #define PACKAGE "wavpack"
| #define VERSION "5.1.0"
| #define LIBWAVPACK_MAJOR 5
| #define LIBWAVPACK_MINOR 1
| #define LIBWAVPACK_MICRO 0
| #define LIBWAVPACK_VERSION_STRING "5.1.0"
| #define VERSION_OS "Linux"
| #define STDC_HEADERS 1
| #define HAVE_SYS_TYPES_H 1
| #define HAVE_SYS_STAT_H 1
| #define HAVE_STDLIB_H 1
| #define HAVE_STRING_H 1
| #define HAVE_MEMORY_H 1
| #define HAVE_STRINGS_H 1
| #define HAVE_INTTYPES_H 1
| #define HAVE_STDINT_H 1
| #define HAVE_UNISTD_H 1
| /* end confdefs.h.  */
| #include <limits.h>
| 
| int
| main ()
| {
| #if ! (defined _LITTLE_ENDIAN || defined _BIG_ENDIAN)
| 	      bogus endian macros
| 	     #endif
| 
|   ;
|   return 0;
| }
configure:4622: arm-linux-androideabi-gcc -c -march=armv7-a -mfpu=neon -mfloat-abi=softfp -Wno-psabi -Wno-unused-but-set-variable -Wno-unused-function -Os -std=c99 -fstrict-aliasing -ffunction-sections -fdata-sections -fPIE -fPIC -DANDROID -D__ANDROID_API__=21 -I/files/android-sdk/ndk-bundle/toolchains/mobile-ffmpeg-arm/sysroot/usr/include -I/files/android-sdk/ndk-bundle/toolchains/mobile-ffmpeg-arm/sysroot/usr/local/include  conftest.c >&5
configure:4622: $? = 0
configure:4668: result: no
configure:4697: checking for arm-linux-androideabi-gcc
configure:4724: result: arm-linux-androideabi-gcc
configure:4993: checking for C compiler version
configure:5002: arm-linux-androideabi-gcc --version >&5
arm-linux-androideabi-gcc (GCC) 4.9.x 20150123 (prerelease)
Copyright (C) 2014 Free Software Foundation, Inc.
This is free software; see the source for copying conditions.  There is NO
warranty; not even for MERCHANTABILITY or FITNESS FOR A PARTICULAR PURPOSE.

configure:5013: $? = 0
configure:5002: arm-linux-androideabi-gcc -v >&5
Using built-in specs.
COLLECT_GCC=arm-linux-androideabi-gcc
COLLECT_LTO_WRAPPER=/storage/light/files/android-sdk/ndk-bundle/toolchains/mobile-ffmpeg-arm/bin/../libexec/gcc/arm-linux-androideabi/4.9.x/lto-wrapper
Target: arm-linux-androideabi
Configured with: /usr/local/google/buildbot/src/android/gcc/toolchain/build/../gcc/gcc-4.9/configure --prefix=/tmp/7b21daf2c1357ae66bd1633d4faf8a6d --target=arm-linux-androideabi --host=x86_64-linux-gnu --build=x86_64-linux-gnu --with-gnu-as --with-gnu-ld --enable-languages=c,c++ --with-gmp=/buildbot/tmp/build/toolchain/temp-install --with-mpfr=/buildbot/tmp/build/toolchain/temp-install --with-mpc=/buildbot/tmp/build/toolchain/temp-install --with-cloog=/buildbot/tmp/build/toolchain/temp-install --with-isl=/buildbot/tmp/build/toolchain/temp-install --with-ppl=/buildbot/tmp/build/toolchain/temp-install --disable-ppl-version-check --disable-cloog-version-check --disable-isl-version-check --enable-cloog-backend=isl --with-host-libstdcxx='-static-libgcc -Wl,-Bstatic,-lstdc++,-Bdynamic -lm' --disable-libssp --enable-threads --disable-nls --disable-libmudflap --disable-libgomp --disable-libstdc__-v3 --disable-sjlj-exceptions --disable-shared --disable-tls --disable-libitm --with-float=soft --with-fpu=vfp --with-arch=armv5te --enable-target-optspace --enable-bionic-libs --enable-libatomic-ifuncs=no --enable-initfini-array --disable-nls --prefix=/tmp/7b21daf2c1357ae66bd1633d4faf8a6d --with-sysroot=/tmp/7b21daf2c1357ae66bd1633d4faf8a6d/sysroot --with-binutils-version=2.27 --with-mpfr-version=3.1.1 --with-mpc-version=1.0.1 --with-gmp-version=5.0.5 --with-gcc-version=4.9 --with-gdb-version=none --with-gxx-include-dir=/tmp/7b21daf2c1357ae66bd1633d4faf8a6d/include/c++/4.9.x --with-bugurl=http://source.android.com/source/report-bugs.html --enable-languages=c,c++ --disable-bootstrap --enable-plugins --enable-libgomp --enable-gnu-indirect-function --disable-libsanitizer --enable-gold --enable-threads --enable-eh-frame-hdr-for-static --enable-graphite=yes --with-isl-version=0.11.1 --with-cloog-version=0.18.0 --with-arch=armv5te --program-transform-name='s&^&arm-linux-androideabi-&' --enable-gold=default
Thread model: posix
gcc version 4.9.x 20150123 (prerelease) (GCC) 
configure:5013: $? = 0
configure:5002: arm-linux-androideabi-gcc -V >&5
arm-linux-androideabi-gcc: error: unrecognized command line option '-V'
arm-linux-androideabi-gcc: fatal error: no input files
compilation terminated.
configure:5013: $? = 1
configure:5002: arm-linux-androideabi-gcc -qversion >&5
arm-linux-androideabi-gcc: error: unrecognized command line option '-qversion'
arm-linux-androideabi-gcc: fatal error: no input files
compilation terminated.
configure:5013: $? = 1
configure:5017: checking whether we are using the GNU C compiler
configure:5045: result: yes
configure:5054: checking whether arm-linux-androideabi-gcc accepts -g
configure:5115: result: yes
configure:5132: checking for arm-linux-androideabi-gcc option to accept ISO C89
configure:5208: result: none needed
configure:5233: checking whether arm-linux-androideabi-gcc understands -c and -o together
configure:5270: result: yes
configure:5289: checking dependency style of arm-linux-androideabi-gcc
configure:5400: result: gcc3
configure:5764: checking how to print strings
configure:5791: result: printf
configure:5812: checking for a sed that does not truncate output
configure:5876: result: /bin/sed
configure:5894: checking for fgrep
configure:5956: result: /bin/grep -F
configure:5991: checking for ld used by arm-linux-androideabi-gcc
configure:6058: result: arm-linux-androideabi-ld
configure:6065: checking if the linker (arm-linux-androideabi-ld) is GNU ld
configure:6080: result: yes
configure:6092: checking for BSD- or MS-compatible name lister (nm)
configure:6141: result: /files/android-sdk/ndk-bundle/toolchains/mobile-ffmpeg-arm/bin/arm-linux-androideabi-nm -B
configure:6271: checking the name lister (/files/android-sdk/ndk-bundle/toolchains/mobile-ffmpeg-arm/bin/arm-linux-androideabi-nm -B) interface
configure:6278: arm-linux-androideabi-gcc -c -march=armv7-a -mfpu=neon -mfloat-abi=softfp -Wno-psabi -Wno-unused-but-set-variable -Wno-unused-function -Os -std=c99 -fstrict-aliasing -ffunction-sections -fdata-sections -fPIE -fPIC -DANDROID -D__ANDROID_API__=21 -I/files/android-sdk/ndk-bundle/toolchains/mobile-ffmpeg-arm/sysroot/usr/include -I/files/android-sdk/ndk-bundle/toolchains/mobile-ffmpeg-arm/sysroot/usr/local/include  conftest.c >&5
configure:6281: /files/android-sdk/ndk-bundle/toolchains/mobile-ffmpeg-arm/bin/arm-linux-androideabi-nm -B "conftest.o"
configure:6284: output
00000000 B some_variable
configure:6291: result: BSD nm
configure:6294: checking whether ln -s works
configure:6298: result: yes
configure:6306: checking the maximum length of command line arguments
configure:6437: result: 1572864
configure:6454: checking whether the shell understands some XSI constructs
configure:6464: result: yes
configure:6468: checking whether the shell understands "+="
configure:6474: result: yes
configure:6509: checking how to convert x86_64-unknown-linux-gnu file names to arm-unknown-linux-androideabi format
configure:6549: result: func_convert_file_noop
configure:6556: checking how to convert x86_64-unknown-linux-gnu file names to toolchain format
configure:6576: result: func_convert_file_noop
configure:6583: checking for arm-linux-androideabi-ld option to reload object files
configure:6590: result: -r
configure:6624: checking for arm-linux-androideabi-objdump
configure:6651: result: objdump
configure:6720: checking how to recognize dependent libraries
configure:6918: result: pass_all
configure:6963: checking for arm-linux-androideabi-dlltool
configure:6990: result: dlltool
configure:7060: checking how to associate runtime and link libraries
configure:7087: result: printf %s\n
configure:7103: checking for arm-linux-androideabi-ar
configure:7130: result: arm-linux-androideabi-ar
configure:7211: checking for archiver @FILE support
configure:7228: arm-linux-androideabi-gcc -c -march=armv7-a -mfpu=neon -mfloat-abi=softfp -Wno-psabi -Wno-unused-but-set-variable -Wno-unused-function -Os -std=c99 -fstrict-aliasing -ffunction-sections -fdata-sections -fPIE -fPIC -DANDROID -D__ANDROID_API__=21 -I/files/android-sdk/ndk-bundle/toolchains/mobile-ffmpeg-arm/sysroot/usr/include -I/files/android-sdk/ndk-bundle/toolchains/mobile-ffmpeg-arm/sysroot/usr/local/include  conftest.c >&5
configure:7228: $? = 0
configure:7231: arm-linux-androideabi-ar cru libconftest.a @conftest.lst >&5
configure:7234: $? = 0
configure:7239: arm-linux-androideabi-ar cru libconftest.a @conftest.lst >&5
arm-linux-androideabi-ar: conftest.o: No such file or directory
configure:7242: $? = 1
configure:7254: result: @
configure:7272: checking for arm-linux-androideabi-strip
configure:7299: result: arm-linux-androideabi-strip
configure:7371: checking for arm-linux-androideabi-ranlib
configure:7398: result: arm-linux-androideabi-ranlib
configure:7540: checking command to parse /files/android-sdk/ndk-bundle/toolchains/mobile-ffmpeg-arm/bin/arm-linux-androideabi-nm -B output from arm-linux-androideabi-gcc object
configure:7660: arm-linux-androideabi-gcc -c -march=armv7-a -mfpu=neon -mfloat-abi=softfp -Wno-psabi -Wno-unused-but-set-variable -Wno-unused-function -Os -std=c99 -fstrict-aliasing -ffunction-sections -fdata-sections -fPIE -fPIC -DANDROID -D__ANDROID_API__=21 -I/files/android-sdk/ndk-bundle/toolchains/mobile-ffmpeg-arm/sysroot/usr/include -I/files/android-sdk/ndk-bundle/toolchains/mobile-ffmpeg-arm/sysroot/usr/local/include  conftest.c >&5
configure:7663: $? = 0
configure:7667: /files/android-sdk/ndk-bundle/toolchains/mobile-ffmpeg-arm/bin/arm-linux-androideabi-nm -B conftest.o \| sed -n -e 's/^.*[ ]\([ABCDGIRSTW][ABCDGIRSTW]*\)[ ][ ]*\([_A-Za-z][_A-Za-z0-9]*\)$/\1 \2 \2/p' | sed '/ __gnu_lto/d' \> conftest.nm
configure:7670: $? = 0
configure:7736: arm-linux-androideabi-gcc -o conftest -march=armv7-a -mfpu=neon -mfloat-abi=softfp -Wno-psabi -Wno-unused-but-set-variable -Wno-unused-function -Os -std=c99 -fstrict-aliasing -ffunction-sections -fdata-sections -fPIE -fPIC -DANDROID -D__ANDROID_API__=21 -I/files/android-sdk/ndk-bundle/toolchains/mobile-ffmpeg-arm/sysroot/usr/include -I/files/android-sdk/ndk-bundle/toolchains/mobile-ffmpeg-arm/sysroot/usr/local/include  -march=armv7-a -Wl,--fix-cortex-a8 -Wl,--gc-sections -lc -lm -ldl -llog -pie -pthread -L/files/android-sdk/ndk-bundle/toolchains/mobile-ffmpeg-arm/sysroot/usr/lib -L/files/android-sdk/ndk-bundle/toolchains/mobile-ffmpeg-arm/lib conftest.c conftstm.o >&5
configure:7739: $? = 0
configure:7777: result: ok
configure:7814: checking for sysroot
configure:7844: result: /files/android-sdk/ndk-bundle/toolchains/mobile-ffmpeg-arm/sysroot
configure:8073: checking for arm-linux-androideabi-mt
configure:8103: result: no
configure:8113: checking for mt
configure:8129: found /bin/mt
configure:8140: result: mt
configure:8152: WARNING: using cross tools not prefixed with host triplet
configure:8163: checking if mt is a manifest tool
configure:8169: mt '-?'
configure:8177: result: no
configure:8816: checking for dlfcn.h
configure:8816: arm-linux-androideabi-gcc -c -march=armv7-a -mfpu=neon -mfloat-abi=softfp -Wno-psabi -Wno-unused-but-set-variable -Wno-unused-function -Os -std=c99 -fstrict-aliasing -ffunction-sections -fdata-sections -fPIE -fPIC -DANDROID -D__ANDROID_API__=21 -I/files/android-sdk/ndk-bundle/toolchains/mobile-ffmpeg-arm/sysroot/usr/include -I/files/android-sdk/ndk-bundle/toolchains/mobile-ffmpeg-arm/sysroot/usr/local/include  conftest.c >&5
configure:8816: $? = 0
configure:8816: result: yes
configure:9020: checking for objdir
configure:9035: result: .libs
configure:9302: checking if arm-linux-androideabi-gcc supports -fno-rtti -fno-exceptions
configure:9320: arm-linux-androideabi-gcc -c -march=armv7-a -mfpu=neon -mfloat-abi=softfp -Wno-psabi -Wno-unused-but-set-variable -Wno-unused-function -Os -std=c99 -fstrict-aliasing -ffunction-sections -fdata-sections -fPIE -fPIC -DANDROID -D__ANDROID_API__=21 -I/files/android-sdk/ndk-bundle/toolchains/mobile-ffmpeg-arm/sysroot/usr/include -I/files/android-sdk/ndk-bundle/toolchains/mobile-ffmpeg-arm/sysroot/usr/local/include  -fno-rtti -fno-exceptions conftest.c >&5
cc1: warning: command line option '-fno-rtti' is valid for C++/ObjC++ but not for C
configure:9324: $? = 0
configure:9337: result: no
configure:9664: checking for arm-linux-androideabi-gcc option to produce PIC
configure:9671: result: -fPIC -DPIC
configure:9679: checking if arm-linux-androideabi-gcc PIC flag -fPIC -DPIC works
configure:9697: arm-linux-androideabi-gcc -c -march=armv7-a -mfpu=neon -mfloat-abi=softfp -Wno-psabi -Wno-unused-but-set-variable -Wno-unused-function -Os -std=c99 -fstrict-aliasing -ffunction-sections -fdata-sections -fPIE -fPIC -DANDROID -D__ANDROID_API__=21 -I/files/android-sdk/ndk-bundle/toolchains/mobile-ffmpeg-arm/sysroot/usr/include -I/files/android-sdk/ndk-bundle/toolchains/mobile-ffmpeg-arm/sysroot/usr/local/include  -fPIC -DPIC -DPIC conftest.c >&5
configure:9701: $? = 0
configure:9714: result: yes
configure:9743: checking if arm-linux-androideabi-gcc static flag -static works
configure:9771: result: no
configure:9786: checking if arm-linux-androideabi-gcc supports -c -o file.o
configure:9807: arm-linux-androideabi-gcc -c -march=armv7-a -mfpu=neon -mfloat-abi=softfp -Wno-psabi -Wno-unused-but-set-variable -Wno-unused-function -Os -std=c99 -fstrict-aliasing -ffunction-sections -fdata-sections -fPIE -fPIC -DANDROID -D__ANDROID_API__=21 -I/files/android-sdk/ndk-bundle/toolchains/mobile-ffmpeg-arm/sysroot/usr/include -I/files/android-sdk/ndk-bundle/toolchains/mobile-ffmpeg-arm/sysroot/usr/local/include  -o out/conftest2.o conftest.c >&5
configure:9811: $? = 0
configure:9833: result: yes
configure:9841: checking if arm-linux-androideabi-gcc supports -c -o file.o
configure:9888: result: yes
configure:9921: checking whether the arm-linux-androideabi-gcc linker (arm-linux-androideabi-ld) supports shared libraries
configure:11078: result: yes
configure:11318: checking dynamic linker characteristics
configure:11818: arm-linux-androideabi-gcc -o conftest -march=armv7-a -mfpu=neon -mfloat-abi=softfp -Wno-psabi -Wno-unused-but-set-variable -Wno-unused-function -Os -std=c99 -fstrict-aliasing -ffunction-sections -fdata-sections -fPIE -fPIC -DANDROID -D__ANDROID_API__=21 -I/files/android-sdk/ndk-bundle/toolchains/mobile-ffmpeg-arm/sysroot/usr/include -I/files/android-sdk/ndk-bundle/toolchains/mobile-ffmpeg-arm/sysroot/usr/local/include  -march=armv7-a -Wl,--fix-cortex-a8 -Wl,--gc-sections -lc -lm -ldl -llog -pie -pthread -L/files/android-sdk/ndk-bundle/toolchains/mobile-ffmpeg-arm/sysroot/usr/lib -L/files/android-sdk/ndk-bundle/toolchains/mobile-ffmpeg-arm/lib -Wl,-rpath -Wl,/foo conftest.c  >&5
configure:11818: $? = 0
configure:12052: result: GNU/Linux ld.so
configure:12159: checking how to hardcode library paths into programs
configure:12184: result: immediate
configure:12724: checking whether stripping libraries is possible
configure:12729: result: yes
configure:12764: checking if libtool supports shared libraries
configure:12766: result: yes
configure:12769: checking whether to build shared libraries
configure:12790: result: no
configure:12793: checking whether to build static libraries
configure:12797: result: yes
configure:12845: checking dependency style of arm-linux-androideabi-gcc
configure:12954: result: gcc3
configure:12970: checking for ANSI C header files
configure:13074: result: yes
configure:13172: checking for cos in -lm
configure:13197: arm-linux-androideabi-gcc -o conftest -march=armv7-a -mfpu=neon -mfloat-abi=softfp -Wno-psabi -Wno-unused-but-set-variable -Wno-unused-function -Os -std=c99 -fstrict-aliasing -ffunction-sections -fdata-sections -fPIE -fPIC -DANDROID -D__ANDROID_API__=21 -I/files/android-sdk/ndk-bundle/toolchains/mobile-ffmpeg-arm/sysroot/usr/include -I/files/android-sdk/ndk-bundle/toolchains/mobile-ffmpeg-arm/sysroot/usr/local/include  -march=armv7-a -Wl,--fix-cortex-a8 -Wl,--gc-sections -lc -lm -ldl -llog -pie -pthread -L/files/android-sdk/ndk-bundle/toolchains/mobile-ffmpeg-arm/sysroot/usr/lib -L/files/android-sdk/ndk-bundle/toolchains/mobile-ffmpeg-arm/lib conftest.c -lm   >&5
conftest.c:36:6: warning: conflicting types for built-in function 'cos'
 char cos ();
      ^
configure:13197: $? = 0
configure:13206: result: yes
configure:13226: checking for special C compiler options needed for large files
configure:13271: result: no
configure:13277: checking for _FILE_OFFSET_BITS value needed for large files
configure:13302: arm-linux-androideabi-gcc -c -march=armv7-a -mfpu=neon -mfloat-abi=softfp -Wno-psabi -Wno-unused-but-set-variable -Wno-unused-function -Os -std=c99 -fstrict-aliasing -ffunction-sections -fdata-sections -fPIE -fPIC -DANDROID -D__ANDROID_API__=21 -I/files/android-sdk/ndk-bundle/toolchains/mobile-ffmpeg-arm/sysroot/usr/include -I/files/android-sdk/ndk-bundle/toolchains/mobile-ffmpeg-arm/sysroot/usr/local/include  conftest.c >&5
conftest.c:35:7: error: size of array 'off_t_is_large' is negative
   int off_t_is_large[(LARGE_OFF_T % 2147483629 == 721
       ^
configure:13302: $? = 1
configure: failed program was:
| /* confdefs.h */
| #define PACKAGE_NAME "wavpack"
| #define PACKAGE_TARNAME "wavpack"
| #define PACKAGE_VERSION "5.1.0"
| #define PACKAGE_STRING "wavpack 5.1.0"
| #define PACKAGE_BUGREPORT "bryant@wavpack.com"
| #define PACKAGE_URL ""
| #define PACKAGE "wavpack"
| #define VERSION "5.1.0"
| #define LIBWAVPACK_MAJOR 5
| #define LIBWAVPACK_MINOR 1
| #define LIBWAVPACK_MICRO 0
| #define LIBWAVPACK_VERSION_STRING "5.1.0"
| #define VERSION_OS "Linux"
| #define STDC_HEADERS 1
| #define HAVE_SYS_TYPES_H 1
| #define HAVE_SYS_STAT_H 1
| #define HAVE_STDLIB_H 1
| #define HAVE_STRING_H 1
| #define HAVE_MEMORY_H 1
| #define HAVE_STRINGS_H 1
| #define HAVE_INTTYPES_H 1
| #define HAVE_STDINT_H 1
| #define HAVE_UNISTD_H 1
| #define HAVE_DLFCN_H 1
| #define LT_OBJDIR ".libs/"
| #define STDC_HEADERS 1
| /* end confdefs.h.  */
| #include <sys/types.h>
|  /* Check that off_t can represent 2**63 - 1 correctly.
|     We can't simply define LARGE_OFF_T to be 9223372036854775807,
|     since some C++ compilers masquerading as C compilers
|     incorrectly reject 9223372036854775807.  */
| #define LARGE_OFF_T ((((off_t) 1 << 31) << 31) - 1 + (((off_t) 1 << 31) << 31))
|   int off_t_is_large[(LARGE_OFF_T % 2147483629 == 721
| 		       && LARGE_OFF_T % 2147483647 == 1)
| 		      ? 1 : -1];
| int
| main ()
| {
| 
|   ;
|   return 0;
| }
configure:13326: arm-linux-androideabi-gcc -c -march=armv7-a -mfpu=neon -mfloat-abi=softfp -Wno-psabi -Wno-unused-but-set-variable -Wno-unused-function -Os -std=c99 -fstrict-aliasing -ffunction-sections -fdata-sections -fPIE -fPIC -DANDROID -D__ANDROID_API__=21 -I/files/android-sdk/ndk-bundle/toolchains/mobile-ffmpeg-arm/sysroot/usr/include -I/files/android-sdk/ndk-bundle/toolchains/mobile-ffmpeg-arm/sysroot/usr/local/include  conftest.c >&5
configure:13326: $? = 0
configure:13334: result: 64
configure:13419: checking for _LARGEFILE_SOURCE value needed for large files
configure:13438: arm-linux-androideabi-gcc -o conftest -march=armv7-a -mfpu=neon -mfloat-abi=softfp -Wno-psabi -Wno-unused-but-set-variable -Wno-unused-function -Os -std=c99 -fstrict-aliasing -ffunction-sections -fdata-sections -fPIE -fPIC -DANDROID -D__ANDROID_API__=21 -I/files/android-sdk/ndk-bundle/toolchains/mobile-ffmpeg-arm/sysroot/usr/include -I/files/android-sdk/ndk-bundle/toolchains/mobile-ffmpeg-arm/sysroot/usr/local/include  -march=armv7-a -Wl,--fix-cortex-a8 -Wl,--gc-sections -lc -lm -ldl -llog -pie -pthread -L/files/android-sdk/ndk-bundle/toolchains/mobile-ffmpeg-arm/sysroot/usr/lib -L/files/android-sdk/ndk-bundle/toolchains/mobile-ffmpeg-arm/lib conftest.c  >&5
conftest.c: In function 'main':
conftest.c:35:34: error: 'fseeko' undeclared (first use in this function)
 int (*fp) (FILE *, off_t, int) = fseeko;
                                  ^
conftest.c:35:34: note: each undeclared identifier is reported only once for each function it appears in
conftest.c:36:6: warning: implicit declaration of function 'fseeko' [-Wimplicit-function-declaration]
      return fseeko (stdin, 0, 0) && fp (stdin, 0, 0);
      ^
configure:13438: $? = 1
configure: failed program was:
| /* confdefs.h */
| #define PACKAGE_NAME "wavpack"
| #define PACKAGE_TARNAME "wavpack"
| #define PACKAGE_VERSION "5.1.0"
| #define PACKAGE_STRING "wavpack 5.1.0"
| #define PACKAGE_BUGREPORT "bryant@wavpack.com"
| #define PACKAGE_URL ""
| #define PACKAGE "wavpack"
| #define VERSION "5.1.0"
| #define LIBWAVPACK_MAJOR 5
| #define LIBWAVPACK_MINOR 1
| #define LIBWAVPACK_MICRO 0
| #define LIBWAVPACK_VERSION_STRING "5.1.0"
| #define VERSION_OS "Linux"
| #define STDC_HEADERS 1
| #define HAVE_SYS_TYPES_H 1
| #define HAVE_SYS_STAT_H 1
| #define HAVE_STDLIB_H 1
| #define HAVE_STRING_H 1
| #define HAVE_MEMORY_H 1
| #define HAVE_STRINGS_H 1
| #define HAVE_INTTYPES_H 1
| #define HAVE_STDINT_H 1
| #define HAVE_UNISTD_H 1
| #define HAVE_DLFCN_H 1
| #define LT_OBJDIR ".libs/"
| #define STDC_HEADERS 1
| #define _FILE_OFFSET_BITS 64
| /* end confdefs.h.  */
| #include <sys/types.h> /* for off_t */
|      #include <stdio.h>
| int
| main ()
| {
| int (*fp) (FILE *, off_t, int) = fseeko;
|      return fseeko (stdin, 0, 0) && fp (stdin, 0, 0);
|   ;
|   return 0;
| }
configure:13457: arm-linux-androideabi-gcc -o conftest -march=armv7-a -mfpu=neon -mfloat-abi=softfp -Wno-psabi -Wno-unused-but-set-variable -Wno-unused-function -Os -std=c99 -fstrict-aliasing -ffunction-sections -fdata-sections -fPIE -fPIC -DANDROID -D__ANDROID_API__=21 -I/files/android-sdk/ndk-bundle/toolchains/mobile-ffmpeg-arm/sysroot/usr/include -I/files/android-sdk/ndk-bundle/toolchains/mobile-ffmpeg-arm/sysroot/usr/local/include  -march=armv7-a -Wl,--fix-cortex-a8 -Wl,--gc-sections -lc -lm -ldl -llog -pie -pthread -L/files/android-sdk/ndk-bundle/toolchains/mobile-ffmpeg-arm/sysroot/usr/lib -L/files/android-sdk/ndk-bundle/toolchains/mobile-ffmpeg-arm/lib conftest.c  >&5
conftest.c: In function 'main':
conftest.c:36:34: error: 'fseeko' undeclared (first use in this function)
 int (*fp) (FILE *, off_t, int) = fseeko;
                                  ^
conftest.c:36:34: note: each undeclared identifier is reported only once for each function it appears in
conftest.c:37:6: warning: implicit declaration of function 'fseeko' [-Wimplicit-function-declaration]
      return fseeko (stdin, 0, 0) && fp (stdin, 0, 0);
      ^
configure:13457: $? = 1
configure: failed program was:
| /* confdefs.h */
| #define PACKAGE_NAME "wavpack"
| #define PACKAGE_TARNAME "wavpack"
| #define PACKAGE_VERSION "5.1.0"
| #define PACKAGE_STRING "wavpack 5.1.0"
| #define PACKAGE_BUGREPORT "bryant@wavpack.com"
| #define PACKAGE_URL ""
| #define PACKAGE "wavpack"
| #define VERSION "5.1.0"
| #define LIBWAVPACK_MAJOR 5
| #define LIBWAVPACK_MINOR 1
| #define LIBWAVPACK_MICRO 0
| #define LIBWAVPACK_VERSION_STRING "5.1.0"
| #define VERSION_OS "Linux"
| #define STDC_HEADERS 1
| #define HAVE_SYS_TYPES_H 1
| #define HAVE_SYS_STAT_H 1
| #define HAVE_STDLIB_H 1
| #define HAVE_STRING_H 1
| #define HAVE_MEMORY_H 1
| #define HAVE_STRINGS_H 1
| #define HAVE_INTTYPES_H 1
| #define HAVE_STDINT_H 1
| #define HAVE_UNISTD_H 1
| #define HAVE_DLFCN_H 1
| #define LT_OBJDIR ".libs/"
| #define STDC_HEADERS 1
| #define _FILE_OFFSET_BITS 64
| /* end confdefs.h.  */
| #define _LARGEFILE_SOURCE 1
| #include <sys/types.h> /* for off_t */
|      #include <stdio.h>
| int
| main ()
| {
| int (*fp) (FILE *, off_t, int) = fseeko;
|      return fseeko (stdin, 0, 0) && fp (stdin, 0, 0);
|   ;
|   return 0;
| }
configure:13466: result: unknown
configure:13610: checking if we are building for a Windows host
configure:13618: result: no
configure:13712: checking if assembly optimizations are available
configure:13730: result: arm
configure:13760: checking for __builtin_clz
configure:13776: arm-linux-androideabi-gcc -o conftest -march=armv7-a -mfpu=neon -mfloat-abi=softfp -Wno-psabi -Wno-unused-but-set-variable -Wno-unused-function -Os -std=c99 -fstrict-aliasing -ffunction-sections -fdata-sections -fPIE -fPIC -DANDROID -D__ANDROID_API__=21 -I/files/android-sdk/ndk-bundle/toolchains/mobile-ffmpeg-arm/sysroot/usr/include -I/files/android-sdk/ndk-bundle/toolchains/mobile-ffmpeg-arm/sysroot/usr/local/include  -march=armv7-a -Wl,--fix-cortex-a8 -Wl,--gc-sections -lc -lm -ldl -llog -pie -pthread -L/files/android-sdk/ndk-bundle/toolchains/mobile-ffmpeg-arm/sysroot/usr/lib -L/files/android-sdk/ndk-bundle/toolchains/mobile-ffmpeg-arm/lib conftest.c  >&5
configure:13776: $? = 0
configure:13784: result: yes
configure:13792: checking for __builtin_ctz
configure:13808: arm-linux-androideabi-gcc -o conftest -march=armv7-a -mfpu=neon -mfloat-abi=softfp -Wno-psabi -Wno-unused-but-set-variable -Wno-unused-function -Os -std=c99 -fstrict-aliasing -ffunction-sections -fdata-sections -fPIE -fPIC -DANDROID -D__ANDROID_API__=21 -I/files/android-sdk/ndk-bundle/toolchains/mobile-ffmpeg-arm/sysroot/usr/include -I/files/android-sdk/ndk-bundle/toolchains/mobile-ffmpeg-arm/sysroot/usr/local/include  -march=armv7-a -Wl,--fix-cortex-a8 -Wl,--gc-sections -lc -lm -ldl -llog -pie -pthread -L/files/android-sdk/ndk-bundle/toolchains/mobile-ffmpeg-arm/sysroot/usr/lib -L/files/android-sdk/ndk-bundle/toolchains/mobile-ffmpeg-arm/lib conftest.c  >&5
configure:13808: $? = 0
configure:13816: result: yes
configure:14145: checking that generated files are newer than configure
configure:14151: result: done
configure:14227: creating ./config.status

## ---------------------- ##
## Running config.status. ##
## ---------------------- ##

This file was extended by wavpack config.status 5.1.0, which was
generated by GNU Autoconf 2.69.  Invocation command line was

  CONFIG_FILES    = 
  CONFIG_HEADERS  = 
  CONFIG_LINKS    = 
  CONFIG_COMMANDS = 
  $ ./config.status 

on lera

config.status:1053: creating Makefile
config.status:1053: creating wavpack.pc
config.status:1053: creating src/Makefile
config.status:1053: creating include/Makefile
config.status:1053: creating cli/Makefile
config.status:1053: creating man/Makefile
config.status:1225: executing depfiles commands
config.status:1225: executing libtool commands

## ---------------- ##
## Cache variables. ##
## ---------------- ##

ac_cv_build=x86_64-unknown-linux-gnu
ac_cv_c_bigendian=no
ac_cv_c_compiler_gnu=yes
ac_cv_env_CCASFLAGS_set=
ac_cv_env_CCASFLAGS_value=
ac_cv_env_CCAS_set=
ac_cv_env_CCAS_value=
ac_cv_env_CC_set=set
ac_cv_env_CC_value=arm-linux-androideabi-gcc
ac_cv_env_CFLAGS_set=set
ac_cv_env_CFLAGS_value='-march=armv7-a -mfpu=neon -mfloat-abi=softfp -Wno-psabi -Wno-unused-but-set-variable -Wno-unused-function -Os -std=c99 -fstrict-aliasing -ffunction-sections -fdata-sections -fPIE -fPIC -DANDROID -D__ANDROID_API__=21 -I/files/android-sdk/ndk-bundle/toolchains/mobile-ffmpeg-arm/sysroot/usr/include -I/files/android-sdk/ndk-bundle/toolchains/mobile-ffmpeg-arm/sysroot/usr/local/include'
ac_cv_env_CPPFLAGS_set=
ac_cv_env_CPPFLAGS_value=
ac_cv_env_CPP_set=
ac_cv_env_CPP_value=
ac_cv_env_LDFLAGS_set=set
ac_cv_env_LDFLAGS_value='-march=armv7-a -Wl,--fix-cortex-a8 -Wl,--gc-sections -lc -lm -ldl -llog -pie -pthread -L/files/android-sdk/ndk-bundle/toolchains/mobile-ffmpeg-arm/sysroot/usr/lib -L/files/android-sdk/ndk-bundle/toolchains/mobile-ffmpeg-arm/lib'
ac_cv_env_LIBS_set=
ac_cv_env_LIBS_value=
ac_cv_env_build_alias_set=
ac_cv_env_build_alias_value=
ac_cv_env_host_alias_set=set
ac_cv_env_host_alias_value=arm-linux-androideabi
ac_cv_env_target_alias_set=
ac_cv_env_target_alias_value=
ac_cv_have___builtin_clz=yes
ac_cv_have___builtin_ctz=yes
ac_cv_header_dlfcn_h=yes
ac_cv_header_inttypes_h=yes
ac_cv_header_memory_h=yes
ac_cv_header_stdc=yes
ac_cv_header_stdint_h=yes
ac_cv_header_stdlib_h=yes
ac_cv_header_string_h=yes
ac_cv_header_strings_h=yes
ac_cv_header_sys_stat_h=yes
ac_cv_header_sys_types_h=yes
ac_cv_header_unistd_h=yes
ac_cv_host=arm-unknown-linux-androideabi
ac_cv_lib_m_cos=yes
ac_cv_objext=o
ac_cv_path_EGREP='/bin/grep -E'
ac_cv_path_FGREP='/bin/grep -F'
ac_cv_path_GREP=/bin/grep
ac_cv_path_SED=/bin/sed
ac_cv_path_install='/usr/bin/install -c'
ac_cv_path_mkdir=/bin/mkdir
ac_cv_prog_AR=arm-linux-androideabi-ar
ac_cv_prog_AWK=gawk
ac_cv_prog_CC=arm-linux-androideabi-gcc
ac_cv_prog_CPP='arm-linux-androideabi-gcc -E'
ac_cv_prog_DLLTOOL=dlltool
ac_cv_prog_OBJDUMP=objdump
ac_cv_prog_RANLIB=arm-linux-androideabi-ranlib
ac_cv_prog_STRIP=arm-linux-androideabi-strip
ac_cv_prog_ac_ct_MANIFEST_TOOL=mt
ac_cv_prog_cc_c89=
ac_cv_prog_cc_g=yes
ac_cv_prog_make_make_set=yes
ac_cv_sys_file_offset_bits=64
ac_cv_sys_largefile_CC=no
ac_cv_sys_largefile_source=unknown
am_cv_CCAS_dependencies_compiler_type=gcc3
am_cv_CC_dependencies_compiler_type=gcc3
am_cv_make_support_nested_variables=yes
am_cv_prog_cc_c_o=yes
lt_cv_ar_at_file=@
lt_cv_deplibs_check_method=pass_all
lt_cv_file_magic_cmd='$MAGIC_CMD'
lt_cv_file_magic_test_file=
lt_cv_ld_reload_flag=-r
lt_cv_nm_interface='BSD nm'
lt_cv_objdir=.libs
lt_cv_path_LD=arm-linux-androideabi-ld
lt_cv_path_NM='/files/android-sdk/ndk-bundle/toolchains/mobile-ffmpeg-arm/bin/arm-linux-androideabi-nm -B'
lt_cv_path_mainfest_tool=no
lt_cv_prog_compiler_c_o=yes
lt_cv_prog_compiler_pic='-fPIC -DPIC'
lt_cv_prog_compiler_pic_works=yes
lt_cv_prog_compiler_rtti_exceptions=no
lt_cv_prog_compiler_static_works=no
lt_cv_prog_gnu_ld=yes
lt_cv_sharedlib_from_linklib_cmd='printf %s\n'
lt_cv_shlibpath_overrides_runpath=yes
lt_cv_sys_global_symbol_pipe='sed -n -e '\''s/^.*[	 ]\([ABCDGIRSTW][ABCDGIRSTW]*\)[	 ][	 ]*\([_A-Za-z][_A-Za-z0-9]*\)$/\1 \2 \2/p'\'' | sed '\''/ __gnu_lto/d'\'''
lt_cv_sys_global_symbol_to_c_name_address='sed -n -e '\''s/^: \([^ ]*\)[ ]*$/  {\"\1\", (void *) 0},/p'\'' -e '\''s/^[ABCDGIRSTW]* \([^ ]*\) \([^ ]*\)$/  {"\2", (void *) \&\2},/p'\'''
lt_cv_sys_global_symbol_to_c_name_address_lib_prefix='sed -n -e '\''s/^: \([^ ]*\)[ ]*$/  {\"\1\", (void *) 0},/p'\'' -e '\''s/^[ABCDGIRSTW]* \([^ ]*\) \(lib[^ ]*\)$/  {"\2", (void *) \&\2},/p'\'' -e '\''s/^[ABCDGIRSTW]* \([^ ]*\) \([^ ]*\)$/  {"lib\2", (void *) \&\2},/p'\'''
lt_cv_sys_global_symbol_to_cdecl='sed -n -e '\''s/^T .* \(.*\)$/extern int \1();/p'\'' -e '\''s/^[ABCDGIRSTW]* .* \(.*\)$/extern char \1;/p'\'''
lt_cv_sys_max_cmd_len=1572864
lt_cv_to_host_file_cmd=func_convert_file_noop
lt_cv_to_tool_file_cmd=func_convert_file_noop

## ----------------- ##
## Output variables. ##
## ----------------- ##

ACLOCAL='${SHELL} /storage/light/files/android-sdk/ndk-bundle/sources/third_party/mobile-ffmpeg/src/wavpack/missing aclocal-1.14'
AMDEPBACKSLASH='\'
AMDEP_FALSE='#'
AMDEP_TRUE=''
AMTAR='$${TAR-tar}'
AM_BACKSLASH='\'
AM_DEFAULT_V='$(AM_DEFAULT_VERBOSITY)'
AM_DEFAULT_VERBOSITY='1'
AM_V='$(V)'
AR='arm-linux-androideabi-ar'
AS='arm-linux-androideabi-as'
AUTOCONF='${SHELL} /storage/light/files/android-sdk/ndk-bundle/sources/third_party/mobile-ffmpeg/src/wavpack/missing autoconf'
AUTOHEADER='${SHELL} /storage/light/files/android-sdk/ndk-bundle/sources/third_party/mobile-ffmpeg/src/wavpack/missing autoheader'
AUTOMAKE='${SHELL} /storage/light/files/android-sdk/ndk-bundle/sources/third_party/mobile-ffmpeg/src/wavpack/missing automake-1.14'
AWK='gawk'
CC='arm-linux-androideabi-gcc'
CCAS='arm-linux-androideabi-gcc'
CCASDEPMODE='depmode=gcc3'
CCASFLAGS='-march=armv7-a -mfpu=neon -mfloat-abi=softfp -Wno-psabi -Wno-unused-but-set-variable -Wno-unused-function -Os -std=c99 -fstrict-aliasing -ffunction-sections -fdata-sections -fPIE -fPIC -DANDROID -D__ANDROID_API__=21 -I/files/android-sdk/ndk-bundle/toolchains/mobile-ffmpeg-arm/sysroot/usr/include -I/files/android-sdk/ndk-bundle/toolchains/mobile-ffmpeg-arm/sysroot/usr/local/include'
CCDEPMODE='depmode=gcc3'
CFLAGS='-march=armv7-a -mfpu=neon -mfloat-abi=softfp -Wno-psabi -Wno-unused-but-set-variable -Wno-unused-function -Os -std=c99 -fstrict-aliasing -ffunction-sections -fdata-sections -fPIE -fPIC -DANDROID -D__ANDROID_API__=21 -I/files/android-sdk/ndk-bundle/toolchains/mobile-ffmpeg-arm/sysroot/usr/include -I/files/android-sdk/ndk-bundle/toolchains/mobile-ffmpeg-arm/sysroot/usr/local/include'
CPP='arm-linux-androideabi-gcc -E'
CPPFLAGS=''
CYGPATH_W='echo'
DEFS='-DPACKAGE_NAME=\"wavpack\" -DPACKAGE_TARNAME=\"wavpack\" -DPACKAGE_VERSION=\"5.1.0\" -DPACKAGE_STRING=\"wavpack\ 5.1.0\" -DPACKAGE_BUGREPORT=\"bryant@wavpack.com\" -DPACKAGE_URL=\"\" -DPACKAGE=\"wavpack\" -DVERSION=\"5.1.0\" -DLIBWAVPACK_MAJOR=5 -DLIBWAVPACK_MINOR=1 -DLIBWAVPACK_MICRO=0 -DLIBWAVPACK_VERSION_STRING=\"5.1.0\" -DVERSION_OS=\"Linux\" -DSTDC_HEADERS=1 -DHAVE_SYS_TYPES_H=1 -DHAVE_SYS_STAT_H=1 -DHAVE_STDLIB_H=1 -DHAVE_STRING_H=1 -DHAVE_MEMORY_H=1 -DHAVE_STRINGS_H=1 -DHAVE_INTTYPES_H=1 -DHAVE_STDINT_H=1 -DHAVE_UNISTD_H=1 -DHAVE_DLFCN_H=1 -DLT_OBJDIR=\".libs/\" -DSTDC_HEADERS=1 -D_FILE_OFFSET_BITS=64 -DENABLE_DSD=1 -DOPT_ASM_ARM=1 -DHAVE___BUILTIN_CLZ=1 -DHAVE___BUILTIN_CTZ=1'
DEPDIR='.deps'
DLLTOOL='dlltool'
DSYMUTIL=''
DUMPBIN=''
ECHO_C=''
ECHO_N='-n'
ECHO_T=''
EGREP='/bin/grep -E'
ENABLE_APPS_FALSE=''
ENABLE_APPS_TRUE='#'
ENABLE_ARMASM_FALSE='#'
ENABLE_ARMASM_TRUE=''
ENABLE_DSD_FALSE='#'
ENABLE_DSD_TRUE=''
ENABLE_LEGACY_FALSE=''
ENABLE_LEGACY_TRUE='#'
ENABLE_MAN_FALSE=''
ENABLE_MAN_TRUE='#'
ENABLE_RPATH_FALSE=''
ENABLE_RPATH_TRUE='#'
ENABLE_TESTS_FALSE=''
ENABLE_TESTS_TRUE='#'
ENABLE_X64ASM_FALSE=''
ENABLE_X64ASM_TRUE='#'
ENABLE_X86ASM_FALSE=''
ENABLE_X86ASM_TRUE='#'
EXEEXT=''
FGREP='/bin/grep -F'
GREP='/bin/grep'
ICONV=''
ICONV_LIBS=''
INSTALL_DATA='${INSTALL} -m 644'
INSTALL_PROGRAM='${INSTALL}'
INSTALL_SCRIPT='${INSTALL}'
INSTALL_STRIP_PROGRAM='$(install_sh) -c -s'
LD='arm-linux-androideabi-ld'
LDFLAGS='-march=armv7-a -Wl,--fix-cortex-a8 -Wl,--gc-sections -lc -lm -ldl -llog -pie -pthread -L/files/android-sdk/ndk-bundle/toolchains/mobile-ffmpeg-arm/sysroot/usr/lib -L/files/android-sdk/ndk-bundle/toolchains/mobile-ffmpeg-arm/lib'
LIBM='-lm'
LIBOBJS=''
LIBS=''
LIBTOOL='$(SHELL) $(top_builddir)/libtool'
LIPO=''
LN_S='ln -s'
LTLIBOBJS=''
LT_AGE='2'
LT_CURRENT='3'
LT_REVISION='0'
MAINT='#'
MAINTAINER_MODE_FALSE=''
MAINTAINER_MODE_TRUE='#'
MAKEINFO='${SHELL} /storage/light/files/android-sdk/ndk-bundle/sources/third_party/mobile-ffmpeg/src/wavpack/missing makeinfo'
MANIFEST_TOOL=':'
MKDIR_P='/bin/mkdir -p'
NM='/files/android-sdk/ndk-bundle/toolchains/mobile-ffmpeg-arm/bin/arm-linux-androideabi-nm -B'
NMEDIT=''
OBJDUMP='objdump'
OBJEXT='o'
OTOOL64=''
OTOOL=''
PACKAGE='wavpack'
PACKAGE_BUGREPORT='bryant@wavpack.com'
PACKAGE_NAME='wavpack'
PACKAGE_STRING='wavpack 5.1.0'
PACKAGE_TARNAME='wavpack'
PACKAGE_URL=''
PACKAGE_VERSION='5.1.0'
PATH_SEPARATOR=':'
RANLIB='arm-linux-androideabi-ranlib'
SED='/bin/sed'
SET_MAKE=''
SHELL='/bin/bash'
STRIP='arm-linux-androideabi-strip'
VERSION='5.1.0'
WINDOWS_HOST_FALSE=''
WINDOWS_HOST_TRUE='#'
XMLCATALOG=''
XML_CATALOG_FILE=''
XSLTPROC=''
ac_ct_AR=''
ac_ct_CC=''
ac_ct_DUMPBIN=''
am__EXEEXT_FALSE=''
am__EXEEXT_TRUE='#'
am__fastdepCCAS_FALSE='#'
am__fastdepCCAS_TRUE=''
am__fastdepCC_FALSE='#'
am__fastdepCC_TRUE=''
am__include='include'
am__isrc=''
am__leading_dot='.'
am__nodep='_no'
am__quote=''
am__tar='$${TAR-tar} chof - "$$tardir"'
am__untar='$${TAR-tar} xf -'
bindir='${exec_prefix}/bin'
build='x86_64-unknown-linux-gnu'
build_alias=''
build_cpu='x86_64'
build_os='linux-gnu'
build_vendor='unknown'
datadir='${datarootdir}'
datarootdir='${prefix}/share'
docdir='${datarootdir}/doc/${PACKAGE_TARNAME}'
dvidir='${docdir}'
exec_prefix='${prefix}'
host='arm-unknown-linux-androideabi'
host_alias='arm-linux-androideabi'
host_cpu='arm'
host_os='linux-androideabi'
host_vendor='unknown'
htmldir='${docdir}'
includedir='${prefix}/include'
infodir='${datarootdir}/info'
install_sh='${SHELL} /storage/light/files/android-sdk/ndk-bundle/sources/third_party/mobile-ffmpeg/src/wavpack/install-sh'
libdir='${exec_prefix}/lib'
libexecdir='${exec_prefix}/libexec'
localedir='${datarootdir}/locale'
localstatedir='${prefix}/var'
mandir='${datarootdir}/man'
mkdir_p='$(MKDIR_P)'
oldincludedir='/usr/include'
pdfdir='${docdir}'
prefix='/files/android-sdk/ndk-bundle/prebuilt/android-arm/wavpack'
program_transform_name='s,x,x,'
psdir='${docdir}'
sbindir='${exec_prefix}/sbin'
sharedstatedir='${prefix}/com'
sysconfdir='${prefix}/etc'
target_alias=''

## ----------- ##
## confdefs.h. ##
## ----------- ##

/* confdefs.h */
#define PACKAGE_NAME "wavpack"
#define PACKAGE_TARNAME "wavpack"
#define PACKAGE_VERSION "5.1.0"
#define PACKAGE_STRING "wavpack 5.1.0"
#define PACKAGE_BUGREPORT "bryant@wavpack.com"
#define PACKAGE_URL ""
#define PACKAGE "wavpack"
#define VERSION "5.1.0"
#define LIBWAVPACK_MAJOR 5
#define LIBWAVPACK_MINOR 1
#define LIBWAVPACK_MICRO 0
#define LIBWAVPACK_VERSION_STRING "5.1.0"
#define VERSION_OS "Linux"
#define STDC_HEADERS 1
#define HAVE_SYS_TYPES_H 1
#define HAVE_SYS_STAT_H 1
#define HAVE_STDLIB_H 1
#define HAVE_STRING_H 1
#define HAVE_MEMORY_H 1
#define HAVE_STRINGS_H 1
#define HAVE_INTTYPES_H 1
#define HAVE_STDINT_H 1
#define HAVE_UNISTD_H 1
#define HAVE_DLFCN_H 1
#define LT_OBJDIR ".libs/"
#define STDC_HEADERS 1
#define _FILE_OFFSET_BITS 64
#define ENABLE_DSD 1
#define OPT_ASM_ARM 1
#define HAVE___BUILTIN_CLZ 1
#define HAVE___BUILTIN_CTZ 1

configure: exit 0
